WARNING: sun.reflect.Reflection.getCallerClass is not supported. This will impact performance.
2025-11-04 15:07:42,311 main ERROR Unrecognized format specifier [z]
2025-11-04 15:07:42,313 main ERROR Unrecognized conversion specifier [z] starting at position 28 in conversion pattern.
WARNING: sun.reflect.Reflection.getCallerClass is not supported. This will impact performance.
2025-11-04 15:08:02,148 main ERROR Unrecognized format specifier [z]
2025-11-04 15:08:02,151 main ERROR Unrecognized conversion specifier [z] starting at position 28 in conversion pattern.
15:08:02.253 [main] INFO  com.xkhy.blcx.BlcxCenterMain - 根目录：/Users/quangtran/works/self/projects/vndevs_data/blcxh5/server/blcx-center/
15:08:02.253 [main] INFO  com.xkhy.blcx.BlcxCenterMain - 运行目录：/Users/quangtran/works/self/projects/vndevs_data/blcxh5/server/blcx-center
15:08:02.253 [main] INFO  com.xkhy.blcx.BlcxCenterMain - 初始化【Properties】.......................start
15:08:02.255 [main] INFO  com.xkhy.blcx.BlcxCenterMain - 初始化【Properties】.......................end
15:08:02.255 [main] INFO  com.xkhy.blcx.BlcxCenterMain - 初始化【热部署】.......................start
15:08:02.257 [main] ERROR com.cca.core.config.print.SystemPrintStream - java.lang.Exception: 为了支持热更新，请在JVM 启动参数中设置 -Djdk.attach.allowAttachSelf=true
15:08:02.257 [main] ERROR com.cca.core.config.print.SystemPrintStream - 	at org.cca.agent.AgentManage.init(AgentManage.java:39)
15:08:02.257 [main] ERROR com.cca.core.config.print.SystemPrintStream - 	at org.cca.agent.AgentManage.init(AgentManage.java:106)
15:08:02.257 [main] ERROR com.cca.core.config.print.SystemPrintStream - 	at com.xkhy.blcx.BlcxCenterMain.lambda$init$4(BlcxCenterMain.java:169)
15:08:02.257 [main] ERROR com.cca.core.config.print.SystemPrintStream - 	at com.xkhy.blcx.BlcxCenterMain.initItem(BlcxCenterMain.java:146)
15:08:02.257 [main] ERROR com.cca.core.config.print.SystemPrintStream - 	at com.xkhy.blcx.BlcxCenterMain.init(BlcxCenterMain.java:168)
15:08:02.257 [main] ERROR com.cca.core.config.print.SystemPrintStream - 	at com.xkhy.blcx.BlcxCenterMain.start(BlcxCenterMain.java:90)
15:08:02.257 [main] ERROR com.cca.core.config.print.SystemPrintStream - 	at com.xkhy.blcx.BlcxCenterMain.main(BlcxCenterMain.java:57)
15:08:02.261 [main] INFO  com.xkhy.blcx.BlcxCenterMain - 初始化【热部署】.......................end
15:08:02.261 [main] INFO  com.xkhy.blcx.BlcxCenterMain - 初始化【数据库连接池】.......................start
15:08:02.273 [main] INFO  com.zaxxer.hikari.HikariDataSource - HikariPool-1 - Starting...
15:08:02.591 [main] INFO  com.zaxxer.hikari.HikariDataSource - HikariPool-1 - Start completed.
15:08:02.591 [main] INFO  com.xkhy.blcx.BlcxCenterMain - 初始化【数据库连接池】.......................end
15:08:02.591 [main] INFO  com.xkhy.blcx.BlcxCenterMain - 初始化【获取开服时间】.......................start
15:08:02.618 [main] ERROR com.cca.core.config.print.SystemPrintStream - java.text.ParseException: Unparseable date: "1739770222"
15:08:02.618 [main] ERROR com.cca.core.config.print.SystemPrintStream - 	at java.base/java.text.DateFormat.parse(DateFormat.java:403)
15:08:02.618 [main] ERROR com.cca.core.config.print.SystemPrintStream - 	at com.xkhy.blcx.config.CoreConfig.initStartDate(CoreConfig.java:66)
15:08:02.618 [main] ERROR com.cca.core.config.print.SystemPrintStream - 	at com.xkhy.blcx.BlcxCenterMain.lambda$init$6(BlcxCenterMain.java:179)
15:08:02.618 [main] ERROR com.cca.core.config.print.SystemPrintStream - 	at com.xkhy.blcx.BlcxCenterMain.initItem(BlcxCenterMain.java:146)
15:08:02.618 [main] ERROR com.cca.core.config.print.SystemPrintStream - 	at com.xkhy.blcx.BlcxCenterMain.init(BlcxCenterMain.java:178)
15:08:02.618 [main] ERROR com.cca.core.config.print.SystemPrintStream - 	at com.xkhy.blcx.BlcxCenterMain.start(BlcxCenterMain.java:90)
15:08:02.618 [main] ERROR com.cca.core.config.print.SystemPrintStream - 	at com.xkhy.blcx.BlcxCenterMain.main(BlcxCenterMain.java:57)
15:08:02.620 [main] INFO  com.xkhy.blcx.config.CoreConfig - 开服时间[1739770222] startDate[0]
15:08:02.620 [main] INFO  com.xkhy.blcx.BlcxCenterMain - 初始化【获取开服时间】.......................end
15:08:02.620 [main] INFO  com.xkhy.blcx.BlcxCenterMain - 初始化【CenterCollection】.......................start
15:08:02.621 [main] INFO  com.xkhy.blcx.domain.collection.CenterCollection - initServerNode.........................
15:08:02.628 [main] INFO  com.xkhy.blcx.domain.collection.CenterCollection - 服务器节点数量[20]
15:08:02.631 [main] INFO  com.xkhy.blcx.domain.collection.CenterCollection - serverNodeMap[1].........一区.....127.0.0.1:9506
15:08:02.631 [main] INFO  com.xkhy.blcx.domain.collection.CenterCollection - serverNodeMap[2].........一区.....127.0.0.1:9506
15:08:02.631 [main] INFO  com.xkhy.blcx.domain.collection.CenterCollection - serverNodeMap[3].........一区.....127.0.0.1:9506
15:08:02.631 [main] INFO  com.xkhy.blcx.domain.collection.CenterCollection - serverNodeMap[4].........一区.....127.0.0.1:9506
15:08:02.631 [main] INFO  com.xkhy.blcx.domain.collection.CenterCollection - serverNodeMap[5].........一区.....127.0.0.1:9506
15:08:02.631 [main] INFO  com.xkhy.blcx.domain.collection.CenterCollection - serverNodeMap[6].........一区.....127.0.0.1:9506
15:08:02.631 [main] INFO  com.xkhy.blcx.domain.collection.CenterCollection - serverNodeMap[7].........一区.....127.0.0.1:9506
15:08:02.631 [main] INFO  com.xkhy.blcx.domain.collection.CenterCollection - serverNodeMap[8].........一区.....127.0.0.1:9506
15:08:02.631 [main] INFO  com.xkhy.blcx.domain.collection.CenterCollection - serverNodeMap[9].........一区.....127.0.0.1:9506
15:08:02.631 [main] INFO  com.xkhy.blcx.domain.collection.CenterCollection - serverNodeMap[10].........一区.....127.0.0.1:9506
15:08:02.631 [main] INFO  com.xkhy.blcx.domain.collection.CenterCollection - serverNodeMap[11].........一区.....127.0.0.1:9506
15:08:02.631 [main] INFO  com.xkhy.blcx.domain.collection.CenterCollection - serverNodeMap[12].........一区.....127.0.0.1:9506
15:08:02.631 [main] INFO  com.xkhy.blcx.domain.collection.CenterCollection - serverNodeMap[13].........一区.....127.0.0.1:9506
15:08:02.631 [main] INFO  com.xkhy.blcx.domain.collection.CenterCollection - serverNodeMap[14].........一区.....127.0.0.1:9506
15:08:02.631 [main] INFO  com.xkhy.blcx.domain.collection.CenterCollection - serverNodeMap[15].........一区.....127.0.0.1:9506
15:08:02.631 [main] INFO  com.xkhy.blcx.domain.collection.CenterCollection - serverNodeMap[16].........一区.....127.0.0.1:9506
15:08:02.631 [main] INFO  com.xkhy.blcx.domain.collection.CenterCollection - serverNodeMap[17].........一区.....127.0.0.1:9506
15:08:02.631 [main] INFO  com.xkhy.blcx.domain.collection.CenterCollection - serverNodeMap[18].........一区.....127.0.0.1:9506
15:08:02.631 [main] INFO  com.xkhy.blcx.domain.collection.CenterCollection - serverNodeMap[19].........一区.....127.0.0.1:9506
15:08:02.631 [main] INFO  com.xkhy.blcx.domain.collection.CenterCollection - serverNodeMap[20].........一区.....127.0.0.1:9506
15:08:02.659 [main] INFO  com.xkhy.blcx.BlcxCenterMain - 初始化【CenterCollection】.......................end
15:08:02.659 [main] INFO  com.xkhy.blcx.BlcxCenterMain - 初始化【json资源加载】.......................start
15:08:02.660 [main] INFO  com.xkhy.blcx.domain.res.ResLoaderManager - 加载JSON=============
2025-11-04 15:08:02,664 main WARN No Log4j 2 configuration file found. Using default configuration (logging only errors to the console), or user programmatically provided configurations. Set system property 'log4j2.debug' to show Log4j 2 internal initialization logging. See https://logging.apache.org/log4j/2.x/manual/configuration.html for instructions on how to configure Log4j 2
15:08:02.769 [main] INFO  com.xkhy.blcx.domain.res.ResLoaderManager - 加载JSON需要【109】毫秒=============
15:08:02.769 [main] INFO  com.xkhy.blcx.BlcxCenterMain - 初始化【json资源加载】.......................end
15:08:02.769 [main] INFO  com.xkhy.blcx.BlcxCenterMain - 初始化【SdkManager】.......................start
15:08:03.383 [main] INFO  com.xkhy.blcx.sdk.SdkManager - 初始化 SDK[4]com.xkhy.blcx.sdk.xh.XHSDK@21fff664
15:08:03.383 [main] INFO  com.xkhy.blcx.sdk.SdkManager - 初始化 SDK[6]com.xkhy.blcx.sdk.wlmz.WuLinMenZhuWeiXinSDK@6079cf5
15:08:03.383 [main] INFO  com.xkhy.blcx.sdk.SdkManager - 初始化 SDK[3]com.xkhy.blcx.sdk.jiyin.JiYinWeiXinSDK@1e6308a9
15:08:03.383 [main] INFO  com.xkhy.blcx.sdk.SdkManager - 初始化 SDK[0]com.xkhy.blcx.sdk.internal.InternalSDK@30cecdca
15:08:03.383 [main] INFO  com.xkhy.blcx.sdk.SdkManager - 初始化 SDK[1]com.xkhy.blcx.sdk.jiyin.JiYinAndroidSDK@6edc4161
15:08:03.383 [main] INFO  com.xkhy.blcx.sdk.SdkManager - 初始化 SDK[2]com.xkhy.blcx.sdk.jiyin.JiYinIosSDK@5486887b
15:08:03.383 [main] INFO  com.xkhy.blcx.sdk.SdkManager - 初始化 SDK[5]com.xkhy.blcx.sdk.huolang.HuoLangAndroidSDK@5226e402
15:08:03.383 [main] INFO  com.xkhy.blcx.BlcxCenterMain - 初始化【SdkManager】.......................end
15:08:03.384 [main] INFO  com.xkhy.blcx.BlcxCenterMain - 初始化【推荐好友初始化】.......................start
15:08:03.443 [main] INFO  com.xkhy.blcx.service.player.PlayerService - 更新推荐好友缓存完成，数量：1，总耗时：59ms，数据库IO耗时：55ms，数据库数据封装耗时：3ms
15:08:03.444 [main] INFO  com.xkhy.blcx.BlcxCenterMain - 初始化【推荐好友初始化】.......................end
15:08:03.444 [main] INFO  com.xkhy.blcx.BlcxCenterMain - 初始化【排行榜初始化】.......................start
15:08:03.477 [main] INFO  com.xkhy.blcx.service.rank.RankService - 玩法排行-战力排行榜初始化完成，排行榜玩家数量：20，总耗时：32ms，数据库IO耗时：30ms，数据库数据封装耗时：0ms
15:08:03.496 [main] INFO  com.xkhy.blcx.service.rank.RankService - 玩法排行-功德排行榜初始化完成，排行榜玩家数量：20，总耗时：19ms，数据库IO耗时：18ms，数据库数据封装耗时：1ms
15:08:03.516 [main] INFO  com.xkhy.blcx.service.rank.RankService - 玩法排行-人气排行榜初始化完成，排行榜玩家数量：20，总耗时：20ms，数据库IO耗时：18ms，数据库数据封装耗时：2ms
15:08:03.516 [main] INFO  com.xkhy.blcx.BlcxCenterMain - 初始化【排行榜初始化】.......................end
15:08:06.049 [main] WARN  io.netty.resolver.dns.DnsServerAddressStreamProviders - Can not find io.netty.resolver.dns.macos.MacOSDnsServerAddressStreamProvider in the classpath, fallback to system defaults. This may result in incorrect DNS resolutions on MacOS. Check whether you have a dependency on 'io.netty:netty-resolver-dns-native-macos'
15:08:06.082 [main] INFO  com.xkhy.blcx.BlcxCenterMain - 
import com.cca.core.network.server.EventRouter;
public class BlcxCenterEventRouter {
	private static final String BLCX_CENTER = "BLCX_CENTER";
	public static final EventRouter DEPLOYMENT_LOG_EVENT_HANDLER = new EventRouter(BLCX_CENTER, 913546711);
	public static final EventRouter GET_RANK = new EventRouter(BLCX_CENTER, 1328454156);
	public static final EventRouter GET_SUGGEST_FRIEND = new EventRouter(BLCX_CENTER, 1500426884);
	public static final EventRouter HOST_NODE_MESSAGE_EVENT_HANDLER = new EventRouter(BLCX_CENTER, 923701945);
	public static final EventRouter PLAYER_UPDATE = new EventRouter(BLCX_CENTER, 1907748425);
	public static final EventRouter SERVER_INFO = new EventRouter(BLCX_CENTER, 117015376);
	public static final EventRouter START_DATE = new EventRouter(BLCX_CENTER, 406733379);
}
15:08:06.087 [vert.x-worker-thread-0] WARN  com.hazelcast.instance.impl.HazelcastInstanceFactory - Hazelcast is starting in a Java modular environment (Java 9 and newer) but without proper access to required Java packages. Use additional Java arguments to provide Hazelcast access to Java internal API. The internal API access is used to get the best performance results. Arguments to be used:
 --add-modules java.se --add-exports java.base/jdk.internal.ref=ALL-UNNAMED --add-opens java.base/java.lang=ALL-UNNAMED --add-opens java.base/java.nio=ALL-UNNAMED --add-opens java.base/sun.nio.ch=ALL-UNNAMED --add-opens java.management/sun.management=ALL-UNNAMED --add-opens jdk.management/com.sun.management.internal=ALL-UNNAMED
15:08:06.115 [vert.x-worker-thread-0] INFO  com.hazelcast.system - [192.168.1.9]:5701 [dev] [4.2.6] Hazelcast 4.2.6 (20221125 - 622d299) starting at [192.168.1.9]:5701
15:08:06.246 [vert.x-worker-thread-0] INFO  com.hazelcast.spi.discovery.integration.DiscoveryService - [192.168.1.9]:5701 [dev] [4.2.6] No discovery strategy is applicable for auto-detection
15:08:06.274 [vert.x-worker-thread-0] INFO  com.hazelcast.instance.impl.Node - [192.168.1.9]:5701 [dev] [4.2.6] Using Multicast discovery
15:08:06.276 [vert.x-worker-thread-0] WARN  com.hazelcast.cp.CPSubsystem - [192.168.1.9]:5701 [dev] [4.2.6] CP Subsystem is not enabled. CP data structures will operate in UNSAFE mode! Please note that UNSAFE mode will not provide strong consistency guarantees.
15:08:06.354 [vert.x-worker-thread-0] INFO  com.hazelcast.internal.diagnostics.Diagnostics - [192.168.1.9]:5701 [dev] [4.2.6] Diagnostics disabled. To enable add -Dhazelcast.diagnostics.enabled=true to the JVM arguments.
15:08:06.358 [vert.x-worker-thread-0] INFO  com.hazelcast.core.LifecycleService - [192.168.1.9]:5701 [dev] [4.2.6] [192.168.1.9]:5701 is STARTING
15:08:09.413 [vert.x-worker-thread-0] INFO  com.hazelcast.internal.cluster.ClusterService - [192.168.1.9]:5701 [dev] [4.2.6] 

Members {size:1, ver:1} [
	Member [192.168.1.9]:5701 - f23ebef8-aeb6-44b8-b8fb-6bb909aa3200 this
]

15:08:09.427 [vert.x-worker-thread-0] INFO  com.hazelcast.core.LifecycleService - [192.168.1.9]:5701 [dev] [4.2.6] [192.168.1.9]:5701 is STARTED
15:08:09.470 [vert.x-worker-thread-1] INFO  com.hazelcast.internal.partition.impl.PartitionStateManager - [192.168.1.9]:5701 [dev] [4.2.6] Initializing cluster partition table arrangement...
15:08:09.499 [vert.x-eventloop-thread-0] INFO  com.cca.actuator.ActuatorSystem - 界面访问地址:http://127.0.0.1:9503/actuator/ui
15:08:10.154 [vert.x-eventloop-thread-0] INFO  com.cca.actuator.domain.db.sqlite.core.SqliteHelper - 初始化数据库完成
15:08:10.169 [vert.x-eventloop-thread-0] INFO  com.cca.actuator.domain.db.sqlite.core.SqliteHelper - 初始化数据库完成
15:08:10.178 [vert.x-eventloop-thread-0] INFO  com.cca.actuator.domain.db.sqlite.core.SqliteHelper - 初始化数据库完成
15:08:10.183 [vert.x-eventloop-thread-0] INFO  com.cca.actuator.domain.db.sqlite.core.SqliteHelper - 初始化数据库完成
15:08:10.187 [vert.x-eventloop-thread-0] INFO  com.cca.actuator.config.ActuatorConfigs - 登录密码：{actuator=9mEHFZ}
15:08:10.836 [vert.x-eventloop-thread-2] INFO  com.cca.core.network.server.http.HttpVerticle - HTTP server started on port 9503
15:08:10.836 [vert.x-eventloop-thread-0] INFO  com.cca.core.network.event.JsonEventBusServer - 消费地址[ACTUATOR]监听
15:08:10.837 [vert.x-eventloop-thread-0] INFO  com.cca.core.network.event.JsonEventBusServer - 消费地址[BLCX_CENTER]监听
15:08:10.838 [vert.x-eventloop-thread-0] INFO  com.cca.actuator.server.actuator.ActuatorHttpVertxServer - com.cca.actuator.server.actuator.ActuatorHttpVertxServer --> 部署成功
15:08:10.838 [vert.x-eventloop-thread-0] INFO  com.xkhy.blcx.BlcxCenterMain - 初始化【充值通知】.......................start
15:08:10.838 [vert.x-eventloop-thread-0] INFO  com.xkhy.blcx.BlcxCenterMain - 初始化【充值通知】.......................end
15:08:13.040 [vertx-blocked-thread-checker] WARN  io.vertx.core.impl.BlockedThreadChecker - Thread Thread[#89,vert.x-eventloop-thread-0,5,main] has been blocked for 2204 ms, time limit is 2000 ms
15:08:14.042 [vertx-blocked-thread-checker] WARN  io.vertx.core.impl.BlockedThreadChecker - Thread Thread[#89,vert.x-eventloop-thread-0,5,main] has been blocked for 3206 ms, time limit is 2000 ms
15:08:15.047 [vertx-blocked-thread-checker] WARN  io.vertx.core.impl.BlockedThreadChecker - Thread Thread[#89,vert.x-eventloop-thread-0,5,main] has been blocked for 4211 ms, time limit is 2000 ms
15:08:15.843 [vert.x-eventloop-thread-0] INFO  com.xkhy.blcx.BlcxCenterMain - 当前进程的PID为：85921
15:08:15.862 [vert.x-eventloop-thread-0] INFO  com.xkhy.blcx.BlcxCenterMain - 初始化【线程池服务】.......................start
15:08:15.941 [vert.x-eventloop-thread-0] INFO  com.xkhy.blcx.common.executor.impl.WorkerExecutorService - 下一次执行每小时PerHourTenWorker任务时间：2025-11-04 16:00:00
15:08:15.942 [vert.x-eventloop-thread-0] INFO  com.xkhy.blcx.BlcxCenterMain - 初始化【线程池服务】.......................end
15:08:15.942 [vert.x-eventloop-thread-0] INFO  com.xkhy.blcx.BlcxCenterMain - 启动成功 》》》》》》》》》》》》》》》》》》》》》》》》》》》》》
15:08:43.054 [hz.charming_turing.IO.thread-in-0] INFO  com.hazelcast.internal.server.tcp.TcpServerConnection - [192.168.1.9]:5701 [dev] [4.2.6] Initialized new cluster connection between /192.168.1.9:5701 and /192.168.1.9:56232
15:08:49.076 [hz.charming_turing.priority-generic-operation.thread-0] INFO  com.hazelcast.internal.cluster.ClusterService - [192.168.1.9]:5701 [dev] [4.2.6] 

Members {size:2, ver:2} [
	Member [192.168.1.9]:5701 - f23ebef8-aeb6-44b8-b8fb-6bb909aa3200 this
	Member [192.168.1.9]:5702 - f177735c-f23b-4b48-91d7-71e766e021a4
]

15:08:49.076 [hz.charming_turing.event-5] INFO  com.cca.actuator.server.actuator.ActuatorHttpVertxServer$1 - 监听到节点加入:MembershipEvent {member=Member [192.168.1.9]:5702 - f177735c-f23b-4b48-91d7-71e766e021a4, type=added, members=[Member [192.168.1.9]:5701 - f23ebef8-aeb6-44b8-b8fb-6bb909aa3200 this, Member [192.168.1.9]:5702 - f177735c-f23b-4b48-91d7-71e766e021a4]}
15:08:49.346 [hz.charming_turing.migration] INFO  com.hazelcast.internal.partition.impl.MigrationManager - [192.168.1.9]:5701 [dev] [4.2.6] Repartitioning cluster data. Migration tasks count: 271
15:08:49.449 [hz.charming_turing.migration] INFO  com.hazelcast.internal.partition.impl.MigrationManager - [192.168.1.9]:5701 [dev] [4.2.6] All migration tasks have been completed. (repartitionTime=Tue Nov 04 15:08:49 GMT+07:00 2025, plannedMigrations=271, completedMigrations=271, remainingMigrations=0, totalCompletedMigrations=271)
15:08:55.359 [vert.x-eventloop-thread-0] INFO  com.cca.core.network.event.JsonEventBusServer - 收到消息
15:08:55.363 [vert.x-eventloop-thread-0] INFO  com.cca.core.network.event.JsonEventBusServer - 收到消息code[1328454156] = com.xkhy.blcx.event.rank.GetRankEvent@4eb1c69
15:08:55.377 [vert.x-eventloop-thread-0] INFO  com.cca.core.network.event.JsonEventBusServer - 收到消息
15:08:55.377 [vert.x-eventloop-thread-0] INFO  com.cca.core.network.event.JsonEventBusServer - 收到消息code[1500426884] = com.xkhy.blcx.event.friend.GetSuggestFriendEvent@18460128
15:08:55.379 [vert.x-eventloop-thread-0] INFO  com.cca.core.network.event.JsonEventBusServer - 收到消息
15:08:55.379 [vert.x-eventloop-thread-0] INFO  com.cca.core.network.event.JsonEventBusServer - 收到消息code[406733379] = com.xkhy.blcx.event.system.StartDateEvent@4487c0c2
15:08:55.379 [vert.x-eventloop-thread-0] INFO  com.cca.core.network.event.JsonEventBusServer - 收到消息
15:08:55.379 [vert.x-eventloop-thread-0] INFO  com.cca.core.network.event.JsonEventBusServer - 收到消息code[117015376] = com.xkhy.blcx.event.system.ServerInfoEvent@44924587
15:09:05.798 [vert.x-eventloop-thread-2] INFO  com.xkhy.blcx.router.LoginRouter - 登录请求, platform:0 code:2    sdk=com.xkhy.blcx.sdk.internal.InternalSDK@30cecdca
15:13:50.239 [vert.x-eventloop-thread-2] INFO  com.xkhy.blcx.router.LoginRouter - 登录请求, platform:0 code:2    sdk=com.xkhy.blcx.sdk.internal.InternalSDK@30cecdca
15:18:43.138 [vert.x-eventloop-thread-2] INFO  com.xkhy.blcx.router.LoginRouter - 登录请求, platform:0 code:14    sdk=com.xkhy.blcx.sdk.internal.InternalSDK@30cecdca
15:19:05.315 [vert.x-eventloop-thread-2] INFO  com.xkhy.blcx.router.LoginRouter - 登录请求, platform:0 code:2    sdk=com.xkhy.blcx.sdk.internal.InternalSDK@30cecdca
15:20:00.314 [vert.x-eventloop-thread-0] INFO  com.cca.core.network.event.JsonEventBusServer - 收到消息
15:20:00.315 [vert.x-eventloop-thread-0] INFO  com.cca.core.network.event.JsonEventBusServer - 收到消息code[1500426884] = com.xkhy.blcx.event.friend.GetSuggestFriendEvent@18460128
15:20:00.318 [vert.x-eventloop-thread-0] INFO  com.cca.core.network.event.JsonEventBusServer - 收到消息
15:20:00.318 [vert.x-eventloop-thread-0] INFO  com.cca.core.network.event.JsonEventBusServer - 收到消息code[1328454156] = com.xkhy.blcx.event.rank.GetRankEvent@4eb1c69
15:38:59.555 [hz.charming_turing.IO.thread-in-0] INFO  com.hazelcast.internal.server.tcp.TcpServerConnection - [192.168.1.9]:5701 [dev] [4.2.6] Connection[id=1, /192.168.1.9:5701->/192.168.1.9:56232, qualifier=null, endpoint=[192.168.1.9]:5702, alive=false, connectionType=MEMBER, planeIndex=0] closed. Reason: Connection closed by the other side
15:38:59.560 [hz.charming_turing.cached.thread-1] INFO  com.hazelcast.internal.server.tcp.TcpServerConnector - [192.168.1.9]:5701 [dev] [4.2.6] Connecting to /192.168.1.9:5702, timeout: 10000, bind-any: true
